\BOOKMARK [1][]{section*.2}{List of Todos}{}% 1
\BOOKMARK [1][]{section.1}{1. Introduction}{}% 2
\BOOKMARK [1][]{section.2}{2. Background}{}% 3
\BOOKMARK [1][]{section.3}{3. The Edge Poset Construction}{}% 4
\BOOKMARK [2][]{subsection.3.1}{3.1. Definition and Basic Properties}{section.3}% 5
\BOOKMARK [2][]{subsection.3.2}{3.2. Proof of Theorem 1.5}{section.3}% 6
\BOOKMARK [1][]{section.4}{4. Common Cover Transitive Actions}{}% 7
\BOOKMARK [2][]{subsection.4.1}{4.1. Preservation Under Semidirect Products}{section.4}% 8
\BOOKMARK [2][]{subsection.4.2}{4.2. Examples of CCT Actions}{section.4}% 9
\BOOKMARK [1][]{section.5}{5. Wreath Product of two Symmetric Groups}{}% 10
\BOOKMARK [2][]{subsection.5.1}{5.1. Pak and Panova's Result}{section.5}% 11
\BOOKMARK [2][]{subsection.5.2}{5.2. A Proof of Theorem 5.4 for r = 1}{section.5}% 12
\BOOKMARK [1][]{section.6}{6. Unimodal Quotients}{}% 13
\BOOKMARK [2][]{subsection.6.1}{6.1. Groups of order n}{section.6}% 14
\BOOKMARK [2][]{subsection.6.2}{6.2. Quotient by the Cyclic Group}{section.6}% 15
\BOOKMARK [2][]{subsection.6.3}{6.3. Quotient by the Dihedral Group}{section.6}% 16
\BOOKMARK [1][]{section.7}{7. The object E\(Bn\).}{}% 17
\BOOKMARK [2][]{subsection.7.1}{7.1. Computation of Order Raising Maps}{section.7}% 18
\BOOKMARK [2][]{subsection.7.2}{7.2. Proof that E\(Bn\) is unitary Peck}{section.7}% 19
\BOOKMARK [2][]{subsection.7.3}{7.3. Further Questions}{section.7}% 20
\BOOKMARK [1][]{section*.10}{Acknowledgements}{}% 21
\BOOKMARK [1][]{section*.11}{References}{}% 22
