\BOOKMARK [1][]{section*.2}{List of Todos}{}% 1
\BOOKMARK [1][]{section.1}{1. Introduction}{}% 2
\BOOKMARK [1][]{section.2}{2. Background}{}% 3
\BOOKMARK [1][]{section.3}{3. The Functor of Edges}{}% 4
\BOOKMARK [2][]{subsection.3.1}{3.1. Definition and Basic Properties}{section.3}% 5
\BOOKMARK [2][]{subsection.3.2}{3.2. Proof of Theorem 1.5}{section.3}% 6
\BOOKMARK [1][]{section.4}{4. The Poset Hr\(P\)}{}% 7
\BOOKMARK [2][]{subsection.4.1}{4.1. A Generalization of Hr,Er}{section.4}% 8
\BOOKMARK [1][]{section.5}{5. Common Cover Transitive Actions}{}% 9
\BOOKMARK [2][]{subsection.5.1}{5.1. Preservation Under Semidirect Products}{section.5}% 10
\BOOKMARK [2][]{subsection.5.2}{5.2. Examples of Cover Transitive Actions}{section.5}% 11
\BOOKMARK [1][]{section.6}{6. Wreath Product of two Symmetric Groups}{}% 12
\BOOKMARK [2][]{subsection.6.1}{6.1. Recalling Pak and Panova's Result}{section.6}% 13
\BOOKMARK [2][]{subsection.6.2}{6.2. The Poset Er\(Bn\)/G}{section.6}% 14
\BOOKMARK [2][]{subsection.6.3}{6.3. Ensuing Conclusions}{section.6}% 15
\BOOKMARK [1][]{section.7}{7. Relations to Polya Theory}{}% 16
\BOOKMARK [2][]{subsection.7.1}{7.1. A Brief Review of Polya Theory}{section.7}% 17
\BOOKMARK [2][]{subsection.7.2}{7.2. A Rank Generating Function}{section.7}% 18
\BOOKMARK [2][]{subsection.7.3}{7.3. Further Identities for the Wreath Product}{section.7}% 19
\BOOKMARK [1][]{section.8}{8. Unimodal Quotients}{}% 20
\BOOKMARK [2][]{subsection.8.1}{8.1. Groups of order n.}{section.8}% 21
\BOOKMARK [2][]{subsection.8.2}{8.2. Quotient by the Cyclic Group}{section.8}% 22
\BOOKMARK [2][]{subsection.8.3}{8.3. Quotient by the Dihedral Group}{section.8}% 23
\BOOKMARK [2][]{subsection.8.4}{8.4. A q-analog}{section.8}% 24
\BOOKMARK [1][]{section.9}{9. The object E1\(Bn\).}{}% 25
\BOOKMARK [2][]{subsection.9.1}{9.1. Proof that E\(Bn\) is unitary Peck}{section.9}% 26
\BOOKMARK [1][]{section.10}{10. Odds, Ends, and Failed Attempts}{}% 27
\BOOKMARK [2][]{subsection.10.1}{10.1. Quotients by Automorphism Groups of Rooted Trees}{section.10}% 28
\BOOKMARK [2][]{subsection.10.2}{10.2. A Failed Attempt for Showing E1\(Bn/G\) is unimodal}{section.10}% 29
\BOOKMARK [2][]{subsection.10.3}{10.3. Further Questions}{section.10}% 30
\BOOKMARK [1][]{section*.30}{References}{}% 31
